<?xml version="1.0" encoding="UTF-8"?>
<!-- Generated by org.testng.reporters.JUnitReportReporter -->
<testsuite hostname="kaushik" failures="0" tests="1" name="demo.appiumFramework.Testappium" time="67.876" errors="0" timestamp="2023-05-18T12:46:41 IST" skipped="0">
  <testcase classname="demo.appiumFramework.Testappium" name="test5" time="67.876"/>
  <system-out/>
</testsuite> <!-- demo.appiumFramework.Testappium -->
