<?xml version="1.0" encoding="UTF-8"?>
<!-- Generated by org.testng.reporters.JUnitReportReporter -->
<testsuite hostname="kaushik" failures="0" tests="4" name="rest_assured.trello" time="14.133" errors="0" timestamp="2023-05-16T01:24:28 IST" skipped="0">
  <testcase classname="rest_assured.trello" name="CreateBoard" time="10.355"/>
  <system-out/>
  <testcase classname="rest_assured.trello" name="UpdateBoard" time="0.950"/>
  <system-out/>
  <testcase classname="rest_assured.trello" name="getRequest" time="1.363"/>
  <system-out/>
  <testcase classname="rest_assured.trello" name="deleteRequest" time="1.465"/>
  <system-out/>
</testsuite> <!-- rest_assured.trello -->
