<?xml version="1.0" encoding="UTF-8"?>
<!-- Generated by org.testng.reporters.JUnitReportReporter -->
<testsuite hostname="kaushik" failures="0" tests="1" name="rest_assured.unitTest" time="0.000" errors="0" timestamp="2023-05-16T00:52:58 IST" skipped="1">
  <testcase classname="rest_assured.unitTest" name="tc1" time="0.000">
    <skipped/>
  </testcase> <!-- tc1 -->
  <system-out/>
</testsuite> <!-- rest_assured.unitTest -->
