<?xml version="1.0" encoding="UTF-8"?>
<!-- Generated by org.testng.reporters.JUnitReportReporter -->
<testsuite hostname="kaushik" failures="0" tests="4" name="rest_assured.trello" time="0.000" errors="0" timestamp="2023-05-16T00:52:58 IST" skipped="4">
  <testcase classname="rest_assured.trello" name="CreateBoard" time="0.000">
    <skipped/>
  </testcase> <!-- CreateBoard -->
  <system-out/>
  <testcase classname="rest_assured.trello" name="UpdateBoard" time="0.000">
    <skipped/>
  </testcase> <!-- UpdateBoard -->
  <system-out/>
  <testcase classname="rest_assured.trello" name="getRequest" time="0.000">
    <skipped/>
  </testcase> <!-- getRequest -->
  <system-out/>
  <testcase classname="rest_assured.trello" name="deleteRequest" time="0.000">
    <skipped/>
  </testcase> <!-- deleteRequest -->
  <system-out/>
</testsuite> <!-- rest_assured.trello -->
