<?xml version="1.0" encoding="UTF-8"?>
<!-- Generated by org.testng.reporters.JUnitReportReporter -->
<testsuite hostname="kaushik" failures="0" tests="4" name="rest_assured.bookAPI" time="17.406" errors="0" timestamp="2023-05-16T00:53:38 IST" skipped="0">
  <testcase classname="rest_assured.bookAPI" name="Authorization" time="12.760"/>
  <system-out/>
  <testcase classname="rest_assured.bookAPI" name="OrderBookToken" time="1.623"/>
  <system-out/>
  <testcase classname="rest_assured.bookAPI" name="getOrderBook" time="1.611"/>
  <system-out/>
  <testcase classname="rest_assured.bookAPI" name="deleteOrderBook" time="1.412"/>
  <system-out/>
</testsuite> <!-- rest_assured.bookAPI -->
