<?xml version="1.0" encoding="UTF-8"?>
<!-- Generated by org.testng.reporters.JUnitReportReporter -->
<testsuite hostname="kaushik" failures="0" tests="3" name="Assignment.project_practice" time="2.871" errors="0" timestamp="2023-04-10T01:10:43 IST" skipped="0">
  <testcase classname="Assignment.project_practice" name="tc1" time="0.998"/>
  <system-out/>
  <testcase classname="Assignment.project_practice" name="tc3" time="0.271"/>
  <system-out/>
  <testcase classname="Assignment.project_practice" name="tc2" time="1.602"/>
  <system-out/>
</testsuite> <!-- Assignment.project_practice -->
