<?xml version="1.0" encoding="UTF-8"?>
<!-- Generated by org.testng.reporters.JUnitReportReporter -->
<testsuite hostname="kaushik" failures="0" tests="4" name="Assignment.heroku_assignment2" time="2.083" errors="0" timestamp="2023-05-08T18:11:26 IST" skipped="3">
  <testcase classname="Assignment.heroku_assignment2" name="tc1" time="2.083"/>
  <system-out/>
  <testcase classname="Assignment.heroku_assignment2" name="tc3">
    <skipped/>
  </testcase> <!-- tc3 -->
  <system-out/>
  <testcase classname="Assignment.heroku_assignment2" name="tc4">
    <skipped/>
  </testcase> <!-- tc4 -->
  <system-out/>
  <testcase classname="Assignment.heroku_assignment2" name="tc2">
    <skipped/>
  </testcase> <!-- tc2 -->
  <system-out/>
</testsuite> <!-- Assignment.heroku_assignment2 -->
